<?xml version="1.0" encoding="UTF-8"?>
<testsuite name="com.biblio.teque.infrastructure.driven.postgres.BookDAOTest" tests="4" skipped="0" failures="0" errors="0" timestamp="2025-07-06T15:20:25.316Z" hostname="Host-001" time="0.819">
  <properties/>
  <testcase name="save should insert a book()" classname="com.biblio.teque.infrastructure.driven.postgres.BookDAOTest" time="0.763"/>
  <testcase name="findByTitle should return null if not found()" classname="com.biblio.teque.infrastructure.driven.postgres.BookDAOTest" time="0.011"/>
  <testcase name="findAll should return all books sorted()" classname="com.biblio.teque.infrastructure.driven.postgres.BookDAOTest" time="0.031"/>
  <testcase name="save should update if book already exists()" classname="com.biblio.teque.infrastructure.driven.postgres.BookDAOTest" time="0.009"/>
  <system-out><![CDATA[17:20:12.687 [Test worker] INFO org.testcontainers.images.PullPolicy -- Image pull policy will be performed by: DefaultPullPolicy()
17:20:12.694 [Test worker] INFO org.testcontainers.utility.ImageNameSubstitutor -- Image name substitution will be performed by: DefaultImageNameSubstitutor (composite of 'ConfigurationFileImageNameSubstitutor' and 'PrefixingImageNameSubstitutor')
17:20:12.925 [Test worker] INFO org.testcontainers.dockerclient.DockerClientProviderStrategy -- Loaded org.testcontainers.dockerclient.UnixSocketClientProviderStrategy from ~/.testcontainers.properties, will try it first
17:20:13.305 [Test worker] INFO org.testcontainers.dockerclient.DockerClientProviderStrategy -- Found Docker environment with local Unix socket (unix:///var/run/docker.sock)
17:20:13.307 [Test worker] INFO org.testcontainers.DockerClientFactory -- Docker host IP address is localhost
17:20:13.328 [Test worker] INFO org.testcontainers.DockerClientFactory -- Connected to docker: 
  Server Version: 28.3.0
  API Version: 1.51
  Operating System: Fedora Linux 41 (Workstation Edition)
  Total Memory: 15197 MB
17:20:13.363 [Test worker] INFO tc.testcontainers/ryuk:0.5.1 -- Creating container for image: testcontainers/ryuk:0.5.1
17:20:13.369 [Test worker] INFO org.testcontainers.utility.RegistryAuthLocator -- Failure when attempting to lookup auth config. Please ignore if you don't have images in an authenticated registry. Details: (dockerImageName: testcontainers/ryuk:0.5.1, configFile: /home/ieux/.docker/config.json, configEnv: DOCKER_AUTH_CONFIG). Falling back to docker-java default behaviour. Exception message: Status 404: No config supplied. Checked in order: /home/ieux/.docker/config.json (file not found), DOCKER_AUTH_CONFIG (not set)
17:20:13.784 [Test worker] INFO tc.testcontainers/ryuk:0.5.1 -- Container testcontainers/ryuk:0.5.1 is starting: eb0d141a1bc39e5888a5d5dc4fab3326020fafc1cdc07cc4220c1eb5e2dfee72
17:20:14.187 [Test worker] INFO tc.testcontainers/ryuk:0.5.1 -- Container testcontainers/ryuk:0.5.1 started in PT0.824619664S
17:20:14.193 [Test worker] INFO org.testcontainers.utility.RyukResourceReaper -- Ryuk started - will monitor and terminate Testcontainers containers on JVM exit
17:20:14.193 [Test worker] INFO org.testcontainers.DockerClientFactory -- Checking the system...
17:20:14.194 [Test worker] INFO org.testcontainers.DockerClientFactory -- ✔︎ Docker server version should be at least 1.6.0
17:20:14.194 [Test worker] INFO tc.postgres:17 -- Creating container for image: postgres:17
17:20:14.366 [Test worker] INFO tc.postgres:17 -- Container postgres:17 is starting: 988670464a1a3dff9e3ed8087d0c73d6884fc34a11973edcf07be29582b5dda1
17:20:18.398 [Test worker] INFO tc.postgres:17 -- Container postgres:17 started in PT4.203885554S
17:20:18.400 [Test worker] INFO tc.postgres:17 -- Container is started (JDBC URL: jdbc:postgresql://localhost:32787/booksdb?loggerLevel=OFF)
17:20:18.639 [Test worker] INFO org.springframework.test.context.support.AnnotationConfigContextLoaderUtils -- Could not detect default configuration classes for test class [com.biblio.teque.infrastructure.driven.postgres.BookDAOTest]: BookDAOTest does not declare any static, non-private, non-final, nested classes annotated with @Configuration.
17:20:19.672 [Test worker] INFO org.springframework.boot.test.context.SpringBootTestContextBootstrapper -- Found @SpringBootConfiguration com.biblio.teque.BiblioTequeApplication for test class com.biblio.teque.infrastructure.driven.postgres.BookDAOTest

  .   ____          _            __ _ _
 /\\ / ___'_ __ _ _(_)_ __  __ _ \ \ \ \
( ( )\___ | '_ | '_| | '_ \/ _` | \ \ \ \
 \\/  ___)| |_)| | | | | || (_| |  ) ) ) )
  '  |____| .__|_| |_|_| |_\__, | / / / /
 =========|_|==============|___/=/_/_/_/

 :: Spring Boot ::                (v3.5.3)

2025-07-06T17:20:20.831+02:00  INFO 126396 --- [biblioteque] [    Test worker] c.b.t.i.driven.postgres.BookDAOTest      : Starting BookDAOTest using Java 21.0.7 with PID 126396 (started by ieux in /home/ieux/Documents/Ynov/MethodoTest/MethodoTest)
2025-07-06T17:20:20.834+02:00  INFO 126396 --- [biblioteque] [    Test worker] c.b.t.i.driven.postgres.BookDAOTest      : No active profile set, falling back to 1 default profile: "default"
2025-07-06T17:20:22.960+02:00  INFO 126396 --- [biblioteque] [    Test worker] com.zaxxer.hikari.HikariDataSource       : HikariPool-1 - Starting...
2025-07-06T17:20:23.349+02:00  INFO 126396 --- [biblioteque] [    Test worker] com.zaxxer.hikari.pool.HikariPool        : HikariPool-1 - Added connection org.postgresql.jdbc.PgConnection@46014193
2025-07-06T17:20:23.353+02:00  INFO 126396 --- [biblioteque] [    Test worker] com.zaxxer.hikari.HikariDataSource       : HikariPool-1 - Start completed.
2025-07-06T17:20:23.660+02:00  INFO 126396 --- [biblioteque] [    Test worker] liquibase.database                       : Set default schema name to public
2025-07-06T17:20:23.868+02:00  INFO 126396 --- [biblioteque] [    Test worker] liquibase.lockservice                    : Successfully acquired change log lock
2025-07-06T17:20:24.444+02:00  INFO 126396 --- [biblioteque] [    Test worker] liquibase.changelog                      : Creating database history table with name: public.databasechangelog
2025-07-06T17:20:24.453+02:00  INFO 126396 --- [biblioteque] [    Test worker] liquibase.changelog                      : Reading from public.databasechangelog
2025-07-06T17:20:24.543+02:00  INFO 126396 --- [biblioteque] [    Test worker] liquibase.servicelocator                 : Cannot load service: liquibase.hub.HubService: Provider liquibase.hub.core.StandardHubService could not be instantiated
Running Changeset: db/changelogs/db.changelog-books-2.0.xml::2::you
2025-07-06T17:20:24.558+02:00  INFO 126396 --- [biblioteque] [    Test worker] liquibase.changelog                      : Table books created
2025-07-06T17:20:24.559+02:00  INFO 126396 --- [biblioteque] [    Test worker] liquibase.changelog                      : ChangeSet db/changelogs/db.changelog-books-2.0.xml::2::you ran successfully in 9ms
2025-07-06T17:20:24.568+02:00  INFO 126396 --- [biblioteque] [    Test worker] liquibase.lockservice                    : Successfully released change log lock
2025-07-06T17:20:25.275+02:00  INFO 126396 --- [biblioteque] [    Test worker] c.b.t.i.driven.postgres.BookDAOTest      : Started BookDAOTest in 5.229 seconds (process running for 17.589)
]]></system-out>
  <system-err><![CDATA[Mockito is currently self-attaching to enable the inline-mock-maker. This will no longer work in future releases of the JDK. Please add Mockito as an agent to your build as described in Mockito's documentation: https://javadoc.io/doc/org.mockito/mockito-core/latest/org.mockito/org/mockito/Mockito.html#0.3
WARNING: A Java agent has been loaded dynamically (/home/ieux/.gradle/caches/modules-2/files-2.1/net.bytebuddy/byte-buddy-agent/1.17.6/17b32fd9f57deef02842f7f05abc4ad8127fe34e/byte-buddy-agent-1.17.6.jar)
WARNING: If a serviceability tool is in use, please run with -XX:+EnableDynamicAgentLoading to hide this warning
WARNING: If a serviceability tool is not in use, please run with -Djdk.instrument.traceUsage for more information
WARNING: Dynamic loading of agents will be disallowed by default in a future release
]]></system-err>
</testsuite>
