<?xml version="1.0" encoding="UTF-8"?>
<testsuite name="com.biblio.teque.infrastructure.driving.controller.BookControllerTest" tests="5" skipped="0" failures="0" errors="0" timestamp="2025-07-06T15:20:27.093Z" hostname="Host-001" time="0.909">
  <properties/>
  <testcase name="POST rent returns 409 when book already rented()" classname="com.biblio.teque.infrastructure.driving.controller.BookControllerTest" time="0.361"/>
  <testcase name="GET books returns expected payload()" classname="com.biblio.teque.infrastructure.driving.controller.BookControllerTest" time="0.489"/>
  <testcase name="POST rent returns 404 when book not found()" classname="com.biblio.teque.infrastructure.driving.controller.BookControllerTest" time="0.009"/>
  <testcase name="POST rent returns 200 when book available()" classname="com.biblio.teque.infrastructure.driving.controller.BookControllerTest" time="0.022"/>
  <testcase name="POST rent returns 500 on unexpected error()" classname="com.biblio.teque.infrastructure.driving.controller.BookControllerTest" time="0.017"/>
  <system-out><![CDATA[2025-07-06T17:20:26.513+02:00  INFO 126396 --- [biblioteque] [    Test worker] t.c.s.AnnotationConfigContextLoaderUtils : Could not detect default configuration classes for test class [com.biblio.teque.infrastructure.driving.controller.BookControllerTest]: BookControllerTest does not declare any static, non-private, non-final, nested classes annotated with @Configuration.
2025-07-06T17:20:26.537+02:00  INFO 126396 --- [biblioteque] [    Test worker] .b.t.c.SpringBootTestContextBootstrapper : Found @SpringBootConfiguration com.biblio.teque.BiblioTequeApplication for test class com.biblio.teque.infrastructure.driving.controller.BookControllerTest

  .   ____          _            __ _ _
 /\\ / ___'_ __ _ _(_)_ __  __ _ \ \ \ \
( ( )\___ | '_ | '_| | '_ \/ _` | \ \ \ \
 \\/  ___)| |_)| | | | | || (_| |  ) ) ) )
  '  |____| .__|_| |_|_| |_\__, | / / / /
 =========|_|==============|___/=/_/_/_/

 :: Spring Boot ::                (v3.5.3)

2025-07-06T17:20:26.564+02:00  INFO 126396 --- [biblioteque] [    Test worker] c.b.t.i.d.controller.BookControllerTest  : Starting BookControllerTest using Java 21.0.7 with PID 126396 (started by ieux in /home/ieux/Documents/Ynov/MethodoTest/MethodoTest)
2025-07-06T17:20:26.565+02:00  INFO 126396 --- [biblioteque] [    Test worker] c.b.t.i.d.controller.BookControllerTest  : No active profile set, falling back to 1 default profile: "default"
2025-07-06T17:20:27.047+02:00  INFO 126396 --- [biblioteque] [    Test worker] o.s.b.t.m.w.SpringBootMockServletContext : Initializing Spring TestDispatcherServlet ''
2025-07-06T17:20:27.047+02:00  INFO 126396 --- [biblioteque] [    Test worker] o.s.t.web.servlet.TestDispatcherServlet  : Initializing Servlet ''
2025-07-06T17:20:27.049+02:00  INFO 126396 --- [biblioteque] [    Test worker] o.s.t.web.servlet.TestDispatcherServlet  : Completed initialization in 1 ms
2025-07-06T17:20:27.072+02:00  INFO 126396 --- [biblioteque] [    Test worker] c.b.t.i.d.controller.BookControllerTest  : Started BookControllerTest in 0.529 seconds (process running for 19.386)
]]></system-out>
  <system-err><![CDATA[]]></system-err>
</testsuite>
