<?xml version="1.0" encoding="UTF-8"?>
<testsuite name="com.biblio.teque.domain.usecase.ManageBooksUseCaseTest" tests="7" skipped="0" failures="0" errors="0" timestamp="2025-07-06T15:25:27.163Z" hostname="Host-001" time="0.669">
  <properties/>
  <testcase name="should throw when title is blank" classname="com.biblio.teque.domain.usecase.ManageBooksUseCaseTest" time="0.023"/>
  <testcase name="should throw when author is blank" classname="com.biblio.teque.domain.usecase.ManageBooksUseCaseTest" time="0.002"/>
  <testcase name="should create a not rented book" classname="com.biblio.teque.domain.usecase.ManageBooksUseCaseTest" time="0.006"/>
  <testcase name="should return all books sorted by title" classname="com.biblio.teque.domain.usecase.ManageBooksUseCaseTest" time="0.452"/>
  <testcase name="should mark book as rented when available" classname="com.biblio.teque.domain.usecase.ManageBooksUseCaseTest" time="0.15"/>
  <testcase name="should throw when book already rented" classname="com.biblio.teque.domain.usecase.ManageBooksUseCaseTest" time="0.003"/>
  <testcase name="should throw when book not found" classname="com.biblio.teque.domain.usecase.ManageBooksUseCaseTest" time="0.002"/>
  <system-out><![CDATA[]]></system-out>
  <system-err><![CDATA[WARNING: A Java agent has been loaded dynamically (/home/ieux/.gradle/caches/modules-2/files-2.1/net.bytebuddy/byte-buddy-agent/1.17.6/17b32fd9f57deef02842f7f05abc4ad8127fe34e/byte-buddy-agent-1.17.6.jar)
WARNING: If a serviceability tool is in use, please run with -XX:+EnableDynamicAgentLoading to hide this warning
WARNING: If a serviceability tool is not in use, please run with -Djdk.instrument.traceUsage for more information
WARNING: Dynamic loading of agents will be disallowed by default in a future release
]]></system-err>
</testsuite>
