<?xml version="1.0" encoding="UTF-8"?>
<testsuite name="com.biblio.teque.BibliotequeApplicationTests" tests="1" skipped="0" failures="0" errors="0" timestamp="2025-07-01T09:38:24.496Z" hostname="Host-001" time="0.583">
  <properties/>
  <testcase name="contextLoads()" classname="com.biblio.teque.BibliotequeApplicationTests" time="0.583"/>
  <system-out><![CDATA[11:38:23.526 [Test worker] INFO org.springframework.test.context.support.AnnotationConfigContextLoaderUtils -- Could not detect default configuration classes for test class [com.biblio.teque.BibliotequeApplicationTests]: BibliotequeApplicationTests does not declare any static, non-private, non-final, nested classes annotated with @Configuration.
11:38:23.612 [Test worker] INFO org.springframework.boot.test.context.SpringBootTestContextBootstrapper -- Found @SpringBootConfiguration com.biblio.teque.BibliotequeApplication for test class com.biblio.teque.BibliotequeApplicationTests

  .   ____          _            __ _ _
 /\\ / ___'_ __ _ _(_)_ __  __ _ \ \ \ \
( ( )\___ | '_ | '_| | '_ \/ _` | \ \ \ \
 \\/  ___)| |_)| | | | | || (_| |  ) ) ) )
  '  |____| .__|_| |_|_| |_\__, | / / / /
 =========|_|==============|___/=/_/_/_/

 :: Spring Boot ::                (v3.5.3)

2025-07-01T11:38:23.947+02:00  INFO 64448 --- [biblioteque] [    Test worker] c.b.teque.BibliotequeApplicationTests    : Starting BibliotequeApplicationTests using Java 21.0.7 with PID 64448 (started by ieux in /home/ieux/Documents/Ynov/MethodoTest/MethodoTest)
2025-07-01T11:38:23.948+02:00  INFO 64448 --- [biblioteque] [    Test worker] c.b.teque.BibliotequeApplicationTests    : No active profile set, falling back to 1 default profile: "default"
2025-07-01T11:38:24.491+02:00  INFO 64448 --- [biblioteque] [    Test worker] c.b.teque.BibliotequeApplicationTests    : Started BibliotequeApplicationTests in 0.764 seconds (process running for 1.693)
]]></system-out>
  <system-err><![CDATA[Mockito is currently self-attaching to enable the inline-mock-maker. This will no longer work in future releases of the JDK. Please add Mockito as an agent to your build as described in Mockito's documentation: https://javadoc.io/doc/org.mockito/mockito-core/latest/org.mockito/org/mockito/Mockito.html#0.3
WARNING: A Java agent has been loaded dynamically (/home/ieux/.gradle/caches/modules-2/files-2.1/net.bytebuddy/byte-buddy-agent/1.17.6/17b32fd9f57deef02842f7f05abc4ad8127fe34e/byte-buddy-agent-1.17.6.jar)
WARNING: If a serviceability tool is in use, please run with -XX:+EnableDynamicAgentLoading to hide this warning
WARNING: If a serviceability tool is not in use, please run with -Djdk.instrument.traceUsage for more information
WARNING: Dynamic loading of agents will be disallowed by default in a future release
]]></system-err>
</testsuite>
